Determining if the pthread_create exist failed with the following output:
Change Dir: /home/wenws/CV_GNSS/build/CMakeFiles/CMakeTmp

Run Build Command:"/usr/bin/make" "cmTryCompileExec336514686/fast"
/usr/bin/make -f CMakeFiles/cmTryCompileExec336514686.dir/build.make CMakeFiles/cmTryCompileExec336514686.dir/build
make[1]: Entering directory `/home/wenws/CV_GNSS/build/CMakeFiles/CMakeTmp'
/usr/bin/cmake -E cmake_progress_report /home/wenws/CV_GNSS/build/CMakeFiles/CMakeTmp/CMakeFiles 1
Building C object CMakeFiles/cmTryCompileExec336514686.dir/CheckSymbolExists.c.o
/usr/bin/cc    -o CMakeFiles/cmTryCompileExec336514686.dir/CheckSymbolExists.c.o   -c /home/wenws/CV_GNSS/build/CMakeFiles/CMakeTmp/CheckSymbolExists.c
Linking C executable cmTryCompileExec336514686
/usr/bin/cmake -E cmake_link_script CMakeFiles/cmTryCompileExec336514686.dir/link.txt --verbose=1
/usr/bin/cc       CMakeFiles/cmTryCompileExec336514686.dir/CheckSymbolExists.c.o  -o cmTryCompileExec336514686 -rdynamic 
CMakeFiles/cmTryCompileExec336514686.dir/CheckSymbolExists.c.o: In function `main':
CheckSymbolExists.c:(.text+0x16): undefined reference to `pthread_create'
collect2: error: ld returned 1 exit status
make[1]: *** [cmTryCompileExec336514686] Error 1
make[1]: Leaving directory `/home/wenws/CV_GNSS/build/CMakeFiles/CMakeTmp'
make: *** [cmTryCompileExec336514686/fast] Error 2

File /home/wenws/CV_GNSS/build/CMakeFiles/CMakeTmp/CheckSymbolExists.c:
/* */
#include <pthread.h>

int main(int argc, char** argv)
{
  (void)argv;
#ifndef pthread_create
  return ((int*)(&pthread_create))[argc];
#else
  (void)argc;
  return 0;
#endif
}

Determining if the function pthread_create exists in the pthreads failed with the following output:
Change Dir: /home/wenws/CV_GNSS/build/CMakeFiles/CMakeTmp

Run Build Command:"/usr/bin/make" "cmTryCompileExec1285357830/fast"
/usr/bin/make -f CMakeFiles/cmTryCompileExec1285357830.dir/build.make CMakeFiles/cmTryCompileExec1285357830.dir/build
make[1]: Entering directory `/home/wenws/CV_GNSS/build/CMakeFiles/CMakeTmp'
/usr/bin/cmake -E cmake_progress_report /home/wenws/CV_GNSS/build/CMakeFiles/CMakeTmp/CMakeFiles 1
Building C object CMakeFiles/cmTryCompileExec1285357830.dir/CheckFunctionExists.c.o
/usr/bin/cc   -DCHECK_FUNCTION_EXISTS=pthread_create   -o CMakeFiles/cmTryCompileExec1285357830.dir/CheckFunctionExists.c.o   -c /usr/share/cmake-3.2/Modules/CheckFunctionExists.c
Linking C executable cmTryCompileExec1285357830
/usr/bin/cmake -E cmake_link_script CMakeFiles/cmTryCompileExec1285357830.dir/link.txt --verbose=1
/usr/bin/cc   -DCHECK_FUNCTION_EXISTS=pthread_create    CMakeFiles/cmTryCompileExec1285357830.dir/CheckFunctionExists.c.o  -o cmTryCompileExec1285357830 -rdynamic -lpthreads 
/usr/bin/ld: cannot find -lpthreads
collect2: error: ld returned 1 exit status
make[1]: *** [cmTryCompileExec1285357830] Error 1
make[1]: Leaving directory `/home/wenws/CV_GNSS/build/CMakeFiles/CMakeTmp'
make: *** [cmTryCompileExec1285357830/fast] Error 2


